The system is: Linux - 3.13.0-35-generic - x86_64
Compiling the C compiler identification source file "CMakeCCompilerId.c" succeeded.
Compiler: /usr/bin/cc 
Build flags: 
Id flags: 

The output was:
0


Compilation of the C compiler identification source "CMakeCCompilerId.c" produced "a.out"

The C compiler identification is GNU, found in "/home/vinnu/devel/build/okular/CMakeFiles/2.8.12.2/CompilerIdC/a.out"

Determining if the C compiler works passed with the following output:
Change Dir: /home/vinnu/devel/build/okular/CMakeFiles/CMakeTmp

Run Build Command:/usr/bin/make "cmTryCompileExec1384439446/fast"
/usr/bin/make -f CMakeFiles/cmTryCompileExec1384439446.dir/build.make CMakeFiles/cmTryCompileExec1384439446.dir/build
make[1]: Entering directory `/home/vinnu/devel/build/okular/CMakeFiles/CMakeTmp'
/usr/bin/cmake -E cmake_progress_report /home/vinnu/devel/build/okular/CMakeFiles/CMakeTmp/CMakeFiles 1
Building C object CMakeFiles/cmTryCompileExec1384439446.dir/testCCompiler.c.o
/usr/bin/cc    -o CMakeFiles/cmTryCompileExec1384439446.dir/testCCompiler.c.o   -c /home/vinnu/devel/build/okular/CMakeFiles/CMakeTmp/testCCompiler.c
Linking C executable cmTryCompileExec1384439446
/usr/bin/cmake -E cmake_link_script CMakeFiles/cmTryCompileExec1384439446.dir/link.txt --verbose=1
/usr/bin/cc       CMakeFiles/cmTryCompileExec1384439446.dir/testCCompiler.c.o  -o cmTryCompileExec1384439446 -rdynamic 
make[1]: Leaving directory `/home/vinnu/devel/build/okular/CMakeFiles/CMakeTmp'


Detecting C compiler ABI info compiled with the following output:
Change Dir: /home/vinnu/devel/build/okular/CMakeFiles/CMakeTmp

Run Build Command:/usr/bin/make "cmTryCompileExec1691896125/fast"
/usr/bin/make -f CMakeFiles/cmTryCompileExec1691896125.dir/build.make CMakeFiles/cmTryCompileExec1691896125.dir/build
make[1]: Entering directory `/home/vinnu/devel/build/okular/CMakeFiles/CMakeTmp'
/usr/bin/cmake -E cmake_progress_report /home/vinnu/devel/build/okular/CMakeFiles/CMakeTmp/CMakeFiles 1
Building C object CMakeFiles/cmTryCompileExec1691896125.dir/CMakeCCompilerABI.c.o
/usr/bin/cc    -o CMakeFiles/cmTryCompileExec1691896125.dir/CMakeCCompilerABI.c.o   -c /usr/share/cmake-2.8/Modules/CMakeCCompilerABI.c
Linking C executable cmTryCompileExec1691896125
/usr/bin/cmake -E cmake_link_script CMakeFiles/cmTryCompileExec1691896125.dir/link.txt --verbose=1
/usr/bin/cc     -v CMakeFiles/cmTryCompileExec1691896125.dir/CMakeCCompilerABI.c.o  -o cmTryCompileExec1691896125 -rdynamic  
Using built-in specs.
COLLECT_GCC=/usr/bin/cc
COLLECT_LTO_WRAPPER=/usr/lib/gcc/x86_64-linux-gnu/4.8/lto-wrapper
Target: x86_64-linux-gnu
Configured with: ../src/configure -v --with-pkgversion='Ubuntu 4.8.2-19ubuntu1' --with-bugurl=file:///usr/share/doc/gcc-4.8/README.Bugs --enable-languages=c,c++,java,go,d,fortran,objc,obj-c++ --prefix=/usr --program-suffix=-4.8 --enable-shared --enable-linker-build-id --libexecdir=/usr/lib --without-included-gettext --enable-threads=posix --with-gxx-include-dir=/usr/include/c++/4.8 --libdir=/usr/lib --enable-nls --with-sysroot=/ --enable-clocale=gnu --enable-libstdcxx-debug --enable-libstdcxx-time=yes --enable-gnu-unique-object --disable-libmudflap --enable-plugin --with-system-zlib --disable-browser-plugin --enable-java-awt=gtk --enable-gtk-cairo --with-java-home=/usr/lib/jvm/java-1.5.0-gcj-4.8-amd64/jre --enable-java-home --with-jvm-root-dir=/usr/lib/jvm/java-1.5.0-gcj-4.8-amd64 --with-jvm-jar-dir=/usr/lib/jvm-exports/java-1.5.0-gcj-4.8-amd64 --with-arch-directory=amd64 --with-ecj-jar=/usr/share/java/eclipse-ecj.jar --enable-objc-gc --enable-multiarch --disable-werror --with-arch-32=i686 --with-abi=m64 --with-multilib-list=m32,m64,mx32 --with-tune=generic --enable-checking=release --build=x86_64-linux-gnu --host=x86_64-linux-gnu --target=x86_64-linux-gnu
Thread model: posix
gcc version 4.8.2 (Ubuntu 4.8.2-19ubuntu1) 
COMPILER_PATH=/usr/lib/gcc/x86_64-linux-gnu/4.8/:/usr/lib/gcc/x86_64-linux-gnu/4.8/:/usr/lib/gcc/x86_64-linux-gnu/:/usr/lib/gcc/x86_64-linux-gnu/4.8/:/usr/lib/gcc/x86_64-linux-gnu/
LIBRARY_PATH=/usr/lib/gcc/x86_64-linux-gnu/4.8/:/usr/lib/gcc/x86_64-linux-gnu/4.8/../../../x86_64-linux-gnu/:/usr/lib/gcc/x86_64-linux-gnu/4.8/../../../../lib/:/lib/x86_64-linux-gnu/:/lib/../lib/:/usr/lib/x86_64-linux-gnu/:/usr/lib/../lib/:/usr/lib/gcc/x86_64-linux-gnu/4.8/../../../:/lib/:/usr/lib/
COLLECT_GCC_OPTIONS='-v' '-o' 'cmTryCompileExec1691896125' '-rdynamic' '-mtune=generic' '-march=x86-64'
 /usr/lib/gcc/x86_64-linux-gnu/4.8/collect2 --sysroot=/ --build-id --eh-frame-hdr -m elf_x86_64 --hash-style=gnu --as-needed -export-dynamic -dynamic-linker /lib64/ld-linux-x86-64.so.2 -z relro -o cmTryCompileExec1691896125 /usr/lib/gcc/x86_64-linux-gnu/4.8/../../../x86_64-linux-gnu/crt1.o /usr/lib/gcc/x86_64-linux-gnu/4.8/../../../x86_64-linux-gnu/crti.o /usr/lib/gcc/x86_64-linux-gnu/4.8/crtbegin.o -L/usr/lib/gcc/x86_64-linux-gnu/4.8 -L/usr/lib/gcc/x86_64-linux-gnu/4.8/../../../x86_64-linux-gnu -L/usr/lib/gcc/x86_64-linux-gnu/4.8/../../../../lib -L/lib/x86_64-linux-gnu -L/lib/../lib -L/usr/lib/x86_64-linux-gnu -L/usr/lib/../lib -L/usr/lib/gcc/x86_64-linux-gnu/4.8/../../.. CMakeFiles/cmTryCompileExec1691896125.dir/CMakeCCompilerABI.c.o -lgcc --as-needed -lgcc_s --no-as-needed -lc -lgcc --as-needed -lgcc_s --no-as-needed /usr/lib/gcc/x86_64-linux-gnu/4.8/crtend.o /usr/lib/gcc/x86_64-linux-gnu/4.8/../../../x86_64-linux-gnu/crtn.o
make[1]: Leaving directory `/home/vinnu/devel/build/okular/CMakeFiles/CMakeTmp'


Parsed C implicit link information from above output:
  link line regex: [^( *|.*[/\])(ld|([^/\]+-)?ld|collect2)[^/\]*( |$)]
  ignore line: [Change Dir: /home/vinnu/devel/build/okular/CMakeFiles/CMakeTmp]
  ignore line: []
  ignore line: [Run Build Command:/usr/bin/make "cmTryCompileExec1691896125/fast"]
  ignore line: [/usr/bin/make -f CMakeFiles/cmTryCompileExec1691896125.dir/build.make CMakeFiles/cmTryCompileExec1691896125.dir/build]
  ignore line: [make[1]: Entering directory `/home/vinnu/devel/build/okular/CMakeFiles/CMakeTmp']
  ignore line: [/usr/bin/cmake -E cmake_progress_report /home/vinnu/devel/build/okular/CMakeFiles/CMakeTmp/CMakeFiles 1]
  ignore line: [Building C object CMakeFiles/cmTryCompileExec1691896125.dir/CMakeCCompilerABI.c.o]
  ignore line: [/usr/bin/cc    -o CMakeFiles/cmTryCompileExec1691896125.dir/CMakeCCompilerABI.c.o   -c /usr/share/cmake-2.8/Modules/CMakeCCompilerABI.c]
  ignore line: [Linking C executable cmTryCompileExec1691896125]
  ignore line: [/usr/bin/cmake -E cmake_link_script CMakeFiles/cmTryCompileExec1691896125.dir/link.txt --verbose=1]
  ignore line: [/usr/bin/cc     -v CMakeFiles/cmTryCompileExec1691896125.dir/CMakeCCompilerABI.c.o  -o cmTryCompileExec1691896125 -rdynamic  ]
  ignore line: [Using built-in specs.]
  ignore line: [COLLECT_GCC=/usr/bin/cc]
  ignore line: [COLLECT_LTO_WRAPPER=/usr/lib/gcc/x86_64-linux-gnu/4.8/lto-wrapper]
  ignore line: [Target: x86_64-linux-gnu]
  ignore line: [Configured with: ../src/configure -v --with-pkgversion='Ubuntu 4.8.2-19ubuntu1' --with-bugurl=file:///usr/share/doc/gcc-4.8/README.Bugs --enable-languages=c,c++,java,go,d,fortran,objc,obj-c++ --prefix=/usr --program-suffix=-4.8 --enable-shared --enable-linker-build-id --libexecdir=/usr/lib --without-included-gettext --enable-threads=posix --with-gxx-include-dir=/usr/include/c++/4.8 --libdir=/usr/lib --enable-nls --with-sysroot=/ --enable-clocale=gnu --enable-libstdcxx-debug --enable-libstdcxx-time=yes --enable-gnu-unique-object --disable-libmudflap --enable-plugin --with-system-zlib --disable-browser-plugin --enable-java-awt=gtk --enable-gtk-cairo --with-java-home=/usr/lib/jvm/java-1.5.0-gcj-4.8-amd64/jre --enable-java-home --with-jvm-root-dir=/usr/lib/jvm/java-1.5.0-gcj-4.8-amd64 --with-jvm-jar-dir=/usr/lib/jvm-exports/java-1.5.0-gcj-4.8-amd64 --with-arch-directory=amd64 --with-ecj-jar=/usr/share/java/eclipse-ecj.jar --enable-objc-gc --enable-multiarch --disable-werror --with-arch-32=i686 --with-abi=m64 --with-multilib-list=m32,m64,mx32 --with-tune=generic --enable-checking=release --build=x86_64-linux-gnu --host=x86_64-linux-gnu --target=x86_64-linux-gnu]
  ignore line: [Thread model: posix]
  ignore line: [gcc version 4.8.2 (Ubuntu 4.8.2-19ubuntu1) ]
  ignore line: [COMPILER_PATH=/usr/lib/gcc/x86_64-linux-gnu/4.8/:/usr/lib/gcc/x86_64-linux-gnu/4.8/:/usr/lib/gcc/x86_64-linux-gnu/:/usr/lib/gcc/x86_64-linux-gnu/4.8/:/usr/lib/gcc/x86_64-linux-gnu/]
  ignore line: [LIBRARY_PATH=/usr/lib/gcc/x86_64-linux-gnu/4.8/:/usr/lib/gcc/x86_64-linux-gnu/4.8/../../../x86_64-linux-gnu/:/usr/lib/gcc/x86_64-linux-gnu/4.8/../../../../lib/:/lib/x86_64-linux-gnu/:/lib/../lib/:/usr/lib/x86_64-linux-gnu/:/usr/lib/../lib/:/usr/lib/gcc/x86_64-linux-gnu/4.8/../../../:/lib/:/usr/lib/]
  ignore line: [COLLECT_GCC_OPTIONS='-v' '-o' 'cmTryCompileExec1691896125' '-rdynamic' '-mtune=generic' '-march=x86-64']
  link line: [ /usr/lib/gcc/x86_64-linux-gnu/4.8/collect2 --sysroot=/ --build-id --eh-frame-hdr -m elf_x86_64 --hash-style=gnu --as-needed -export-dynamic -dynamic-linker /lib64/ld-linux-x86-64.so.2 -z relro -o cmTryCompileExec1691896125 /usr/lib/gcc/x86_64-linux-gnu/4.8/../../../x86_64-linux-gnu/crt1.o /usr/lib/gcc/x86_64-linux-gnu/4.8/../../../x86_64-linux-gnu/crti.o /usr/lib/gcc/x86_64-linux-gnu/4.8/crtbegin.o -L/usr/lib/gcc/x86_64-linux-gnu/4.8 -L/usr/lib/gcc/x86_64-linux-gnu/4.8/../../../x86_64-linux-gnu -L/usr/lib/gcc/x86_64-linux-gnu/4.8/../../../../lib -L/lib/x86_64-linux-gnu -L/lib/../lib -L/usr/lib/x86_64-linux-gnu -L/usr/lib/../lib -L/usr/lib/gcc/x86_64-linux-gnu/4.8/../../.. CMakeFiles/cmTryCompileExec1691896125.dir/CMakeCCompilerABI.c.o -lgcc --as-needed -lgcc_s --no-as-needed -lc -lgcc --as-needed -lgcc_s --no-as-needed /usr/lib/gcc/x86_64-linux-gnu/4.8/crtend.o /usr/lib/gcc/x86_64-linux-gnu/4.8/../../../x86_64-linux-gnu/crtn.o]
    arg [/usr/lib/gcc/x86_64-linux-gnu/4.8/collect2] ==> ignore
    arg [--sysroot=/] ==> ignore
    arg [--build-id] ==> ignore
    arg [--eh-frame-hdr] ==> ignore
    arg [-m] ==> ignore
    arg [elf_x86_64] ==> ignore
    arg [--hash-style=gnu] ==> ignore
    arg [--as-needed] ==> ignore
    arg [-export-dynamic] ==> ignore
    arg [-dynamic-linker] ==> ignore
    arg [/lib64/ld-linux-x86-64.so.2] ==> ignore
    arg [-zrelro] ==> ignore
    arg [-o] ==> ignore
    arg [cmTryCompileExec1691896125] ==> ignore
    arg [/usr/lib/gcc/x86_64-linux-gnu/4.8/../../../x86_64-linux-gnu/crt1.o] ==> ignore
    arg [/usr/lib/gcc/x86_64-linux-gnu/4.8/../../../x86_64-linux-gnu/crti.o] ==> ignore
    arg [/usr/lib/gcc/x86_64-linux-gnu/4.8/crtbegin.o] ==> ignore
    arg [-L/usr/lib/gcc/x86_64-linux-gnu/4.8] ==> dir [/usr/lib/gcc/x86_64-linux-gnu/4.8]
    arg [-L/usr/lib/gcc/x86_64-linux-gnu/4.8/../../../x86_64-linux-gnu] ==> dir [/usr/lib/gcc/x86_64-linux-gnu/4.8/../../../x86_64-linux-gnu]
    arg [-L/usr/lib/gcc/x86_64-linux-gnu/4.8/../../../../lib] ==> dir [/usr/lib/gcc/x86_64-linux-gnu/4.8/../../../../lib]
    arg [-L/lib/x86_64-linux-gnu] ==> dir [/lib/x86_64-linux-gnu]
    arg [-L/lib/../lib] ==> dir [/lib/../lib]
    arg [-L/usr/lib/x86_64-linux-gnu] ==> dir [/usr/lib/x86_64-linux-gnu]
    arg [-L/usr/lib/../lib] ==> dir [/usr/lib/../lib]
    arg [-L/usr/lib/gcc/x86_64-linux-gnu/4.8/../../..] ==> dir [/usr/lib/gcc/x86_64-linux-gnu/4.8/../../..]
    arg [CMakeFiles/cmTryCompileExec1691896125.dir/CMakeCCompilerABI.c.o] ==> ignore
    arg [-lgcc] ==> lib [gcc]
    arg [--as-needed] ==> ignore
    arg [-lgcc_s] ==> lib [gcc_s]
    arg [--no-as-needed] ==> ignore
    arg [-lc] ==> lib [c]
    arg [-lgcc] ==> lib [gcc]
    arg [--as-needed] ==> ignore
    arg [-lgcc_s] ==> lib [gcc_s]
    arg [--no-as-needed] ==> ignore
    arg [/usr/lib/gcc/x86_64-linux-gnu/4.8/crtend.o] ==> ignore
    arg [/usr/lib/gcc/x86_64-linux-gnu/4.8/../../../x86_64-linux-gnu/crtn.o] ==> ignore
  remove lib [gcc]
  remove lib [gcc_s]
  remove lib [gcc]
  remove lib [gcc_s]
  collapse library dir [/usr/lib/gcc/x86_64-linux-gnu/4.8] ==> [/usr/lib/gcc/x86_64-linux-gnu/4.8]
  collapse library dir [/usr/lib/gcc/x86_64-linux-gnu/4.8/../../../x86_64-linux-gnu] ==> [/usr/lib/x86_64-linux-gnu]
  collapse library dir [/usr/lib/gcc/x86_64-linux-gnu/4.8/../../../../lib] ==> [/usr/lib]
  collapse library dir [/lib/x86_64-linux-gnu] ==> [/lib/x86_64-linux-gnu]
  collapse library dir [/lib/../lib] ==> [/lib]
  collapse library dir [/usr/lib/x86_64-linux-gnu] ==> [/usr/lib/x86_64-linux-gnu]
  collapse library dir [/usr/lib/../lib] ==> [/usr/lib]
  collapse library dir [/usr/lib/gcc/x86_64-linux-gnu/4.8/../../..] ==> [/usr/lib]
  implicit libs: [c]
  implicit dirs: [/usr/lib/gcc/x86_64-linux-gnu/4.8;/usr/lib/x86_64-linux-gnu;/usr/lib;/lib/x86_64-linux-gnu;/lib]
  implicit fwks: []


Compiling the CXX compiler identification source file "CMakeCXXCompilerId.cpp" succeeded.
Compiler: /usr/bin/c++ 
Build flags: 
Id flags: 

The output was:
0


Compilation of the CXX compiler identification source "CMakeCXXCompilerId.cpp" produced "a.out"

The CXX compiler identification is GNU, found in "/home/vinnu/devel/build/okular/CMakeFiles/2.8.12.2/CompilerIdCXX/a.out"

Determining if the CXX compiler works passed with the following output:
Change Dir: /home/vinnu/devel/build/okular/CMakeFiles/CMakeTmp

Run Build Command:/usr/bin/make "cmTryCompileExec2141919761/fast"
/usr/bin/make -f CMakeFiles/cmTryCompileExec2141919761.dir/build.make CMakeFiles/cmTryCompileExec2141919761.dir/build
make[1]: Entering directory `/home/vinnu/devel/build/okular/CMakeFiles/CMakeTmp'
/usr/bin/cmake -E cmake_progress_report /home/vinnu/devel/build/okular/CMakeFiles/CMakeTmp/CMakeFiles 1
Building CXX object CMakeFiles/cmTryCompileExec2141919761.dir/testCXXCompiler.cxx.o
/usr/bin/c++     -o CMakeFiles/cmTryCompileExec2141919761.dir/testCXXCompiler.cxx.o -c /home/vinnu/devel/build/okular/CMakeFiles/CMakeTmp/testCXXCompiler.cxx
Linking CXX executable cmTryCompileExec2141919761
/usr/bin/cmake -E cmake_link_script CMakeFiles/cmTryCompileExec2141919761.dir/link.txt --verbose=1
/usr/bin/c++        CMakeFiles/cmTryCompileExec2141919761.dir/testCXXCompiler.cxx.o  -o cmTryCompileExec2141919761 -rdynamic 
make[1]: Leaving directory `/home/vinnu/devel/build/okular/CMakeFiles/CMakeTmp'


Detecting CXX compiler ABI info compiled with the following output:
Change Dir: /home/vinnu/devel/build/okular/CMakeFiles/CMakeTmp

Run Build Command:/usr/bin/make "cmTryCompileExec2729567098/fast"
/usr/bin/make -f CMakeFiles/cmTryCompileExec2729567098.dir/build.make CMakeFiles/cmTryCompileExec2729567098.dir/build
make[1]: Entering directory `/home/vinnu/devel/build/okular/CMakeFiles/CMakeTmp'
/usr/bin/cmake -E cmake_progress_report /home/vinnu/devel/build/okular/CMakeFiles/CMakeTmp/CMakeFiles 1
Building CXX object CMakeFiles/cmTryCompileExec2729567098.dir/CMakeCXXCompilerABI.cpp.o
/usr/bin/c++     -o CMakeFiles/cmTryCompileExec2729567098.dir/CMakeCXXCompilerABI.cpp.o -c /usr/share/cmake-2.8/Modules/CMakeCXXCompilerABI.cpp
Linking CXX executable cmTryCompileExec2729567098
/usr/bin/cmake -E cmake_link_script CMakeFiles/cmTryCompileExec2729567098.dir/link.txt --verbose=1
/usr/bin/c++      -v CMakeFiles/cmTryCompileExec2729567098.dir/CMakeCXXCompilerABI.cpp.o  -o cmTryCompileExec2729567098 -rdynamic  
Using built-in specs.
COLLECT_GCC=/usr/bin/c++
COLLECT_LTO_WRAPPER=/usr/lib/gcc/x86_64-linux-gnu/4.8/lto-wrapper
Target: x86_64-linux-gnu
Configured with: ../src/configure -v --with-pkgversion='Ubuntu 4.8.2-19ubuntu1' --with-bugurl=file:///usr/share/doc/gcc-4.8/README.Bugs --enable-languages=c,c++,java,go,d,fortran,objc,obj-c++ --prefix=/usr --program-suffix=-4.8 --enable-shared --enable-linker-build-id --libexecdir=/usr/lib --without-included-gettext --enable-threads=posix --with-gxx-include-dir=/usr/include/c++/4.8 --libdir=/usr/lib --enable-nls --with-sysroot=/ --enable-clocale=gnu --enable-libstdcxx-debug --enable-libstdcxx-time=yes --enable-gnu-unique-object --disable-libmudflap --enable-plugin --with-system-zlib --disable-browser-plugin --enable-java-awt=gtk --enable-gtk-cairo --with-java-home=/usr/lib/jvm/java-1.5.0-gcj-4.8-amd64/jre --enable-java-home --with-jvm-root-dir=/usr/lib/jvm/java-1.5.0-gcj-4.8-amd64 --with-jvm-jar-dir=/usr/lib/jvm-exports/java-1.5.0-gcj-4.8-amd64 --with-arch-directory=amd64 --with-ecj-jar=/usr/share/java/eclipse-ecj.jar --enable-objc-gc --enable-multiarch --disable-werror --with-arch-32=i686 --with-abi=m64 --with-multilib-list=m32,m64,mx32 --with-tune=generic --enable-checking=release --build=x86_64-linux-gnu --host=x86_64-linux-gnu --target=x86_64-linux-gnu
Thread model: posix
gcc version 4.8.2 (Ubuntu 4.8.2-19ubuntu1) 
COMPILER_PATH=/usr/lib/gcc/x86_64-linux-gnu/4.8/:/usr/lib/gcc/x86_64-linux-gnu/4.8/:/usr/lib/gcc/x86_64-linux-gnu/:/usr/lib/gcc/x86_64-linux-gnu/4.8/:/usr/lib/gcc/x86_64-linux-gnu/
LIBRARY_PATH=/usr/lib/gcc/x86_64-linux-gnu/4.8/:/usr/lib/gcc/x86_64-linux-gnu/4.8/../../../x86_64-linux-gnu/:/usr/lib/gcc/x86_64-linux-gnu/4.8/../../../../lib/:/lib/x86_64-linux-gnu/:/lib/../lib/:/usr/lib/x86_64-linux-gnu/:/usr/lib/../lib/:/usr/lib/gcc/x86_64-linux-gnu/4.8/../../../:/lib/:/usr/lib/
COLLECT_GCC_OPTIONS='-v' '-o' 'cmTryCompileExec2729567098' '-rdynamic' '-shared-libgcc' '-mtune=generic' '-march=x86-64'
 /usr/lib/gcc/x86_64-linux-gnu/4.8/collect2 --sysroot=/ --build-id --eh-frame-hdr -m elf_x86_64 --hash-style=gnu --as-needed -export-dynamic -dynamic-linker /lib64/ld-linux-x86-64.so.2 -z relro -o cmTryCompileExec2729567098 /usr/lib/gcc/x86_64-linux-gnu/4.8/../../../x86_64-linux-gnu/crt1.o /usr/lib/gcc/x86_64-linux-gnu/4.8/../../../x86_64-linux-gnu/crti.o /usr/lib/gcc/x86_64-linux-gnu/4.8/crtbegin.o -L/usr/lib/gcc/x86_64-linux-gnu/4.8 -L/usr/lib/gcc/x86_64-linux-gnu/4.8/../../../x86_64-linux-gnu -L/usr/lib/gcc/x86_64-linux-gnu/4.8/../../../../lib -L/lib/x86_64-linux-gnu -L/lib/../lib -L/usr/lib/x86_64-linux-gnu -L/usr/lib/../lib -L/usr/lib/gcc/x86_64-linux-gnu/4.8/../../.. CMakeFiles/cmTryCompileExec2729567098.dir/CMakeCXXCompilerABI.cpp.o -lstdc++ -lm -lgcc_s -lgcc -lc -lgcc_s -lgcc /usr/lib/gcc/x86_64-linux-gnu/4.8/crtend.o /usr/lib/gcc/x86_64-linux-gnu/4.8/../../../x86_64-linux-gnu/crtn.o
make[1]: Leaving directory `/home/vinnu/devel/build/okular/CMakeFiles/CMakeTmp'


Parsed CXX implicit link information from above output:
  link line regex: [^( *|.*[/\])(ld|([^/\]+-)?ld|collect2)[^/\]*( |$)]
  ignore line: [Change Dir: /home/vinnu/devel/build/okular/CMakeFiles/CMakeTmp]
  ignore line: []
  ignore line: [Run Build Command:/usr/bin/make "cmTryCompileExec2729567098/fast"]
  ignore line: [/usr/bin/make -f CMakeFiles/cmTryCompileExec2729567098.dir/build.make CMakeFiles/cmTryCompileExec2729567098.dir/build]
  ignore line: [make[1]: Entering directory `/home/vinnu/devel/build/okular/CMakeFiles/CMakeTmp']
  ignore line: [/usr/bin/cmake -E cmake_progress_report /home/vinnu/devel/build/okular/CMakeFiles/CMakeTmp/CMakeFiles 1]
  ignore line: [Building CXX object CMakeFiles/cmTryCompileExec2729567098.dir/CMakeCXXCompilerABI.cpp.o]
  ignore line: [/usr/bin/c++     -o CMakeFiles/cmTryCompileExec2729567098.dir/CMakeCXXCompilerABI.cpp.o -c /usr/share/cmake-2.8/Modules/CMakeCXXCompilerABI.cpp]
  ignore line: [Linking CXX executable cmTryCompileExec2729567098]
  ignore line: [/usr/bin/cmake -E cmake_link_script CMakeFiles/cmTryCompileExec2729567098.dir/link.txt --verbose=1]
  ignore line: [/usr/bin/c++      -v CMakeFiles/cmTryCompileExec2729567098.dir/CMakeCXXCompilerABI.cpp.o  -o cmTryCompileExec2729567098 -rdynamic  ]
  ignore line: [Using built-in specs.]
  ignore line: [COLLECT_GCC=/usr/bin/c++]
  ignore line: [COLLECT_LTO_WRAPPER=/usr/lib/gcc/x86_64-linux-gnu/4.8/lto-wrapper]
  ignore line: [Target: x86_64-linux-gnu]
  ignore line: [Configured with: ../src/configure -v --with-pkgversion='Ubuntu 4.8.2-19ubuntu1' --with-bugurl=file:///usr/share/doc/gcc-4.8/README.Bugs --enable-languages=c,c++,java,go,d,fortran,objc,obj-c++ --prefix=/usr --program-suffix=-4.8 --enable-shared --enable-linker-build-id --libexecdir=/usr/lib --without-included-gettext --enable-threads=posix --with-gxx-include-dir=/usr/include/c++/4.8 --libdir=/usr/lib --enable-nls --with-sysroot=/ --enable-clocale=gnu --enable-libstdcxx-debug --enable-libstdcxx-time=yes --enable-gnu-unique-object --disable-libmudflap --enable-plugin --with-system-zlib --disable-browser-plugin --enable-java-awt=gtk --enable-gtk-cairo --with-java-home=/usr/lib/jvm/java-1.5.0-gcj-4.8-amd64/jre --enable-java-home --with-jvm-root-dir=/usr/lib/jvm/java-1.5.0-gcj-4.8-amd64 --with-jvm-jar-dir=/usr/lib/jvm-exports/java-1.5.0-gcj-4.8-amd64 --with-arch-directory=amd64 --with-ecj-jar=/usr/share/java/eclipse-ecj.jar --enable-objc-gc --enable-multiarch --disable-werror --with-arch-32=i686 --with-abi=m64 --with-multilib-list=m32,m64,mx32 --with-tune=generic --enable-checking=release --build=x86_64-linux-gnu --host=x86_64-linux-gnu --target=x86_64-linux-gnu]
  ignore line: [Thread model: posix]
  ignore line: [gcc version 4.8.2 (Ubuntu 4.8.2-19ubuntu1) ]
  ignore line: [COMPILER_PATH=/usr/lib/gcc/x86_64-linux-gnu/4.8/:/usr/lib/gcc/x86_64-linux-gnu/4.8/:/usr/lib/gcc/x86_64-linux-gnu/:/usr/lib/gcc/x86_64-linux-gnu/4.8/:/usr/lib/gcc/x86_64-linux-gnu/]
  ignore line: [LIBRARY_PATH=/usr/lib/gcc/x86_64-linux-gnu/4.8/:/usr/lib/gcc/x86_64-linux-gnu/4.8/../../../x86_64-linux-gnu/:/usr/lib/gcc/x86_64-linux-gnu/4.8/../../../../lib/:/lib/x86_64-linux-gnu/:/lib/../lib/:/usr/lib/x86_64-linux-gnu/:/usr/lib/../lib/:/usr/lib/gcc/x86_64-linux-gnu/4.8/../../../:/lib/:/usr/lib/]
  ignore line: [COLLECT_GCC_OPTIONS='-v' '-o' 'cmTryCompileExec2729567098' '-rdynamic' '-shared-libgcc' '-mtune=generic' '-march=x86-64']
  link line: [ /usr/lib/gcc/x86_64-linux-gnu/4.8/collect2 --sysroot=/ --build-id --eh-frame-hdr -m elf_x86_64 --hash-style=gnu --as-needed -export-dynamic -dynamic-linker /lib64/ld-linux-x86-64.so.2 -z relro -o cmTryCompileExec2729567098 /usr/lib/gcc/x86_64-linux-gnu/4.8/../../../x86_64-linux-gnu/crt1.o /usr/lib/gcc/x86_64-linux-gnu/4.8/../../../x86_64-linux-gnu/crti.o /usr/lib/gcc/x86_64-linux-gnu/4.8/crtbegin.o -L/usr/lib/gcc/x86_64-linux-gnu/4.8 -L/usr/lib/gcc/x86_64-linux-gnu/4.8/../../../x86_64-linux-gnu -L/usr/lib/gcc/x86_64-linux-gnu/4.8/../../../../lib -L/lib/x86_64-linux-gnu -L/lib/../lib -L/usr/lib/x86_64-linux-gnu -L/usr/lib/../lib -L/usr/lib/gcc/x86_64-linux-gnu/4.8/../../.. CMakeFiles/cmTryCompileExec2729567098.dir/CMakeCXXCompilerABI.cpp.o -lstdc++ -lm -lgcc_s -lgcc -lc -lgcc_s -lgcc /usr/lib/gcc/x86_64-linux-gnu/4.8/crtend.o /usr/lib/gcc/x86_64-linux-gnu/4.8/../../../x86_64-linux-gnu/crtn.o]
    arg [/usr/lib/gcc/x86_64-linux-gnu/4.8/collect2] ==> ignore
    arg [--sysroot=/] ==> ignore
    arg [--build-id] ==> ignore
    arg [--eh-frame-hdr] ==> ignore
    arg [-m] ==> ignore
    arg [elf_x86_64] ==> ignore
    arg [--hash-style=gnu] ==> ignore
    arg [--as-needed] ==> ignore
    arg [-export-dynamic] ==> ignore
    arg [-dynamic-linker] ==> ignore
    arg [/lib64/ld-linux-x86-64.so.2] ==> ignore
    arg [-zrelro] ==> ignore
    arg [-o] ==> ignore
    arg [cmTryCompileExec2729567098] ==> ignore
    arg [/usr/lib/gcc/x86_64-linux-gnu/4.8/../../../x86_64-linux-gnu/crt1.o] ==> ignore
    arg [/usr/lib/gcc/x86_64-linux-gnu/4.8/../../../x86_64-linux-gnu/crti.o] ==> ignore
    arg [/usr/lib/gcc/x86_64-linux-gnu/4.8/crtbegin.o] ==> ignore
    arg [-L/usr/lib/gcc/x86_64-linux-gnu/4.8] ==> dir [/usr/lib/gcc/x86_64-linux-gnu/4.8]
    arg [-L/usr/lib/gcc/x86_64-linux-gnu/4.8/../../../x86_64-linux-gnu] ==> dir [/usr/lib/gcc/x86_64-linux-gnu/4.8/../../../x86_64-linux-gnu]
    arg [-L/usr/lib/gcc/x86_64-linux-gnu/4.8/../../../../lib] ==> dir [/usr/lib/gcc/x86_64-linux-gnu/4.8/../../../../lib]
    arg [-L/lib/x86_64-linux-gnu] ==> dir [/lib/x86_64-linux-gnu]
    arg [-L/lib/../lib] ==> dir [/lib/../lib]
    arg [-L/usr/lib/x86_64-linux-gnu] ==> dir [/usr/lib/x86_64-linux-gnu]
    arg [-L/usr/lib/../lib] ==> dir [/usr/lib/../lib]
    arg [-L/usr/lib/gcc/x86_64-linux-gnu/4.8/../../..] ==> dir [/usr/lib/gcc/x86_64-linux-gnu/4.8/../../..]
    arg [CMakeFiles/cmTryCompileExec2729567098.dir/CMakeCXXCompilerABI.cpp.o] ==> ignore
    arg [-lstdc++] ==> lib [stdc++]
    arg [-lm] ==> lib [m]
    arg [-lgcc_s] ==> lib [gcc_s]
    arg [-lgcc] ==> lib [gcc]
    arg [-lc] ==> lib [c]
    arg [-lgcc_s] ==> lib [gcc_s]
    arg [-lgcc] ==> lib [gcc]
    arg [/usr/lib/gcc/x86_64-linux-gnu/4.8/crtend.o] ==> ignore
    arg [/usr/lib/gcc/x86_64-linux-gnu/4.8/../../../x86_64-linux-gnu/crtn.o] ==> ignore
  remove lib [gcc_s]
  remove lib [gcc]
  remove lib [gcc_s]
  remove lib [gcc]
  collapse library dir [/usr/lib/gcc/x86_64-linux-gnu/4.8] ==> [/usr/lib/gcc/x86_64-linux-gnu/4.8]
  collapse library dir [/usr/lib/gcc/x86_64-linux-gnu/4.8/../../../x86_64-linux-gnu] ==> [/usr/lib/x86_64-linux-gnu]
  collapse library dir [/usr/lib/gcc/x86_64-linux-gnu/4.8/../../../../lib] ==> [/usr/lib]
  collapse library dir [/lib/x86_64-linux-gnu] ==> [/lib/x86_64-linux-gnu]
  collapse library dir [/lib/../lib] ==> [/lib]
  collapse library dir [/usr/lib/x86_64-linux-gnu] ==> [/usr/lib/x86_64-linux-gnu]
  collapse library dir [/usr/lib/../lib] ==> [/usr/lib]
  collapse library dir [/usr/lib/gcc/x86_64-linux-gnu/4.8/../../..] ==> [/usr/lib]
  implicit libs: [stdc++;m;c]
  implicit dirs: [/usr/lib/gcc/x86_64-linux-gnu/4.8;/usr/lib/x86_64-linux-gnu;/usr/lib;/lib/x86_64-linux-gnu;/lib]
  implicit fwks: []


Determining if the Q_WS_X11 exist passed with the following output:
Change Dir: /home/vinnu/devel/build/okular/CMakeFiles/CMakeTmp

Run Build Command:/usr/bin/make "cmTryCompileExec1112566475/fast"
/usr/bin/make -f CMakeFiles/cmTryCompileExec1112566475.dir/build.make CMakeFiles/cmTryCompileExec1112566475.dir/build
make[1]: Entering directory `/home/vinnu/devel/build/okular/CMakeFiles/CMakeTmp'
/usr/bin/cmake -E cmake_progress_report /home/vinnu/devel/build/okular/CMakeFiles/CMakeTmp/CMakeFiles 1
Building C object CMakeFiles/cmTryCompileExec1112566475.dir/CheckSymbolExists.c.o
/usr/bin/cc   -I/usr/include/qt4    -o CMakeFiles/cmTryCompileExec1112566475.dir/CheckSymbolExists.c.o   -c /home/vinnu/devel/build/okular/CMakeFiles/CMakeTmp/CheckSymbolExists.c
Linking C executable cmTryCompileExec1112566475
/usr/bin/cmake -E cmake_link_script CMakeFiles/cmTryCompileExec1112566475.dir/link.txt --verbose=1
/usr/bin/cc       CMakeFiles/cmTryCompileExec1112566475.dir/CheckSymbolExists.c.o  -o cmTryCompileExec1112566475 -rdynamic 
make[1]: Leaving directory `/home/vinnu/devel/build/okular/CMakeFiles/CMakeTmp'

File /home/vinnu/devel/build/okular/CMakeFiles/CMakeTmp/CheckSymbolExists.c:
/* */
#include <QtCore/qglobal.h>

int main(int argc, char** argv)
{
  (void)argv;
#ifndef Q_WS_X11
  return ((int*)(&Q_WS_X11))[argc];
#else
  (void)argc;
  return 0;
#endif
}

Determining if the function XOpenDisplay exists in the /usr/lib/x86_64-linux-gnu/libX11.so;/usr/lib/x86_64-linux-gnu/libXext.so;/usr/lib/x86_64-linux-gnu/libXau.so;/usr/lib/x86_64-linux-gnu/libXdmcp.so passed with the following output:
Change Dir: /home/vinnu/devel/build/okular/CMakeFiles/CMakeTmp

Run Build Command:/usr/bin/make "cmTryCompileExec1135502441/fast"
/usr/bin/make -f CMakeFiles/cmTryCompileExec1135502441.dir/build.make CMakeFiles/cmTryCompileExec1135502441.dir/build
make[1]: Entering directory `/home/vinnu/devel/build/okular/CMakeFiles/CMakeTmp'
/usr/bin/cmake -E cmake_progress_report /home/vinnu/devel/build/okular/CMakeFiles/CMakeTmp/CMakeFiles 1
Building C object CMakeFiles/cmTryCompileExec1135502441.dir/CheckFunctionExists.c.o
/usr/bin/cc   -DCHECK_FUNCTION_EXISTS=XOpenDisplay   -o CMakeFiles/cmTryCompileExec1135502441.dir/CheckFunctionExists.c.o   -c /usr/share/cmake-2.8/Modules/CheckFunctionExists.c
Linking C executable cmTryCompileExec1135502441
/usr/bin/cmake -E cmake_link_script CMakeFiles/cmTryCompileExec1135502441.dir/link.txt --verbose=1
/usr/bin/cc   -DCHECK_FUNCTION_EXISTS=XOpenDisplay    CMakeFiles/cmTryCompileExec1135502441.dir/CheckFunctionExists.c.o  -o cmTryCompileExec1135502441 -rdynamic -lX11 -lXext -lXau -lXdmcp 
make[1]: Leaving directory `/home/vinnu/devel/build/okular/CMakeFiles/CMakeTmp'


Determining if the function gethostbyname exists passed with the following output:
Change Dir: /home/vinnu/devel/build/okular/CMakeFiles/CMakeTmp

Run Build Command:/usr/bin/make "cmTryCompileExec3167535662/fast"
/usr/bin/make -f CMakeFiles/cmTryCompileExec3167535662.dir/build.make CMakeFiles/cmTryCompileExec3167535662.dir/build
make[1]: Entering directory `/home/vinnu/devel/build/okular/CMakeFiles/CMakeTmp'
/usr/bin/cmake -E cmake_progress_report /home/vinnu/devel/build/okular/CMakeFiles/CMakeTmp/CMakeFiles 1
Building C object CMakeFiles/cmTryCompileExec3167535662.dir/CheckFunctionExists.c.o
/usr/bin/cc   -DCHECK_FUNCTION_EXISTS=gethostbyname   -o CMakeFiles/cmTryCompileExec3167535662.dir/CheckFunctionExists.c.o   -c /usr/share/cmake-2.8/Modules/CheckFunctionExists.c
Linking C executable cmTryCompileExec3167535662
/usr/bin/cmake -E cmake_link_script CMakeFiles/cmTryCompileExec3167535662.dir/link.txt --verbose=1
/usr/bin/cc   -DCHECK_FUNCTION_EXISTS=gethostbyname    CMakeFiles/cmTryCompileExec3167535662.dir/CheckFunctionExists.c.o  -o cmTryCompileExec3167535662 -rdynamic 
make[1]: Leaving directory `/home/vinnu/devel/build/okular/CMakeFiles/CMakeTmp'


Determining if the function connect exists passed with the following output:
Change Dir: /home/vinnu/devel/build/okular/CMakeFiles/CMakeTmp

Run Build Command:/usr/bin/make "cmTryCompileExec1639552710/fast"
/usr/bin/make -f CMakeFiles/cmTryCompileExec1639552710.dir/build.make CMakeFiles/cmTryCompileExec1639552710.dir/build
make[1]: Entering directory `/home/vinnu/devel/build/okular/CMakeFiles/CMakeTmp'
/usr/bin/cmake -E cmake_progress_report /home/vinnu/devel/build/okular/CMakeFiles/CMakeTmp/CMakeFiles 1
Building C object CMakeFiles/cmTryCompileExec1639552710.dir/CheckFunctionExists.c.o
/usr/bin/cc   -DCHECK_FUNCTION_EXISTS=connect   -o CMakeFiles/cmTryCompileExec1639552710.dir/CheckFunctionExists.c.o   -c /usr/share/cmake-2.8/Modules/CheckFunctionExists.c
Linking C executable cmTryCompileExec1639552710
/usr/bin/cmake -E cmake_link_script CMakeFiles/cmTryCompileExec1639552710.dir/link.txt --verbose=1
/usr/bin/cc   -DCHECK_FUNCTION_EXISTS=connect    CMakeFiles/cmTryCompileExec1639552710.dir/CheckFunctionExists.c.o  -o cmTryCompileExec1639552710 -rdynamic 
make[1]: Leaving directory `/home/vinnu/devel/build/okular/CMakeFiles/CMakeTmp'


Determining if the function remove exists passed with the following output:
Change Dir: /home/vinnu/devel/build/okular/CMakeFiles/CMakeTmp

Run Build Command:/usr/bin/make "cmTryCompileExec3328657176/fast"
/usr/bin/make -f CMakeFiles/cmTryCompileExec3328657176.dir/build.make CMakeFiles/cmTryCompileExec3328657176.dir/build
make[1]: Entering directory `/home/vinnu/devel/build/okular/CMakeFiles/CMakeTmp'
/usr/bin/cmake -E cmake_progress_report /home/vinnu/devel/build/okular/CMakeFiles/CMakeTmp/CMakeFiles 1
Building C object CMakeFiles/cmTryCompileExec3328657176.dir/CheckFunctionExists.c.o
/usr/bin/cc   -DCHECK_FUNCTION_EXISTS=remove   -o CMakeFiles/cmTryCompileExec3328657176.dir/CheckFunctionExists.c.o   -c /usr/share/cmake-2.8/Modules/CheckFunctionExists.c
Linking C executable cmTryCompileExec3328657176
/usr/bin/cmake -E cmake_link_script CMakeFiles/cmTryCompileExec3328657176.dir/link.txt --verbose=1
/usr/bin/cc   -DCHECK_FUNCTION_EXISTS=remove    CMakeFiles/cmTryCompileExec3328657176.dir/CheckFunctionExists.c.o  -o cmTryCompileExec3328657176 -rdynamic 
make[1]: Leaving directory `/home/vinnu/devel/build/okular/CMakeFiles/CMakeTmp'


Determining if the function shmat exists passed with the following output:
Change Dir: /home/vinnu/devel/build/okular/CMakeFiles/CMakeTmp

Run Build Command:/usr/bin/make "cmTryCompileExec855404293/fast"
/usr/bin/make -f CMakeFiles/cmTryCompileExec855404293.dir/build.make CMakeFiles/cmTryCompileExec855404293.dir/build
make[1]: Entering directory `/home/vinnu/devel/build/okular/CMakeFiles/CMakeTmp'
/usr/bin/cmake -E cmake_progress_report /home/vinnu/devel/build/okular/CMakeFiles/CMakeTmp/CMakeFiles 1
Building C object CMakeFiles/cmTryCompileExec855404293.dir/CheckFunctionExists.c.o
/usr/bin/cc   -DCHECK_FUNCTION_EXISTS=shmat   -o CMakeFiles/cmTryCompileExec855404293.dir/CheckFunctionExists.c.o   -c /usr/share/cmake-2.8/Modules/CheckFunctionExists.c
Linking C executable cmTryCompileExec855404293
/usr/bin/cmake -E cmake_link_script CMakeFiles/cmTryCompileExec855404293.dir/link.txt --verbose=1
/usr/bin/cc   -DCHECK_FUNCTION_EXISTS=shmat    CMakeFiles/cmTryCompileExec855404293.dir/CheckFunctionExists.c.o  -o cmTryCompileExec855404293 -rdynamic 
make[1]: Leaving directory `/home/vinnu/devel/build/okular/CMakeFiles/CMakeTmp'


Determining if the function IceConnectionNumber exists in the ICE passed with the following output:
Change Dir: /home/vinnu/devel/build/okular/CMakeFiles/CMakeTmp

Run Build Command:/usr/bin/make "cmTryCompileExec3667183485/fast"
/usr/bin/make -f CMakeFiles/cmTryCompileExec3667183485.dir/build.make CMakeFiles/cmTryCompileExec3667183485.dir/build
make[1]: Entering directory `/home/vinnu/devel/build/okular/CMakeFiles/CMakeTmp'
/usr/bin/cmake -E cmake_progress_report /home/vinnu/devel/build/okular/CMakeFiles/CMakeTmp/CMakeFiles 1
Building C object CMakeFiles/cmTryCompileExec3667183485.dir/CheckFunctionExists.c.o
/usr/bin/cc   -DCHECK_FUNCTION_EXISTS=IceConnectionNumber   -o CMakeFiles/cmTryCompileExec3667183485.dir/CheckFunctionExists.c.o   -c /usr/share/cmake-2.8/Modules/CheckFunctionExists.c
Linking C executable cmTryCompileExec3667183485
/usr/bin/cmake -E cmake_link_script CMakeFiles/cmTryCompileExec3667183485.dir/link.txt --verbose=1
/usr/bin/cc   -DCHECK_FUNCTION_EXISTS=IceConnectionNumber    CMakeFiles/cmTryCompileExec3667183485.dir/CheckFunctionExists.c.o  -o cmTryCompileExec3667183485 -rdynamic -lICE 
make[1]: Leaving directory `/home/vinnu/devel/build/okular/CMakeFiles/CMakeTmp'


Determining if files pthread.h exist passed with the following output:
Change Dir: /home/vinnu/devel/build/okular/CMakeFiles/CMakeTmp

Run Build Command:/usr/bin/make "cmTryCompileExec3423558687/fast"
/usr/bin/make -f CMakeFiles/cmTryCompileExec3423558687.dir/build.make CMakeFiles/cmTryCompileExec3423558687.dir/build
make[1]: Entering directory `/home/vinnu/devel/build/okular/CMakeFiles/CMakeTmp'
/usr/bin/cmake -E cmake_progress_report /home/vinnu/devel/build/okular/CMakeFiles/CMakeTmp/CMakeFiles 1
Building C object CMakeFiles/cmTryCompileExec3423558687.dir/CheckIncludeFiles.c.o
/usr/bin/cc    -o CMakeFiles/cmTryCompileExec3423558687.dir/CheckIncludeFiles.c.o   -c /home/vinnu/devel/build/okular/CMakeFiles/CMakeTmp/CheckIncludeFiles.c
Linking C executable cmTryCompileExec3423558687
/usr/bin/cmake -E cmake_link_script CMakeFiles/cmTryCompileExec3423558687.dir/link.txt --verbose=1
/usr/bin/cc       CMakeFiles/cmTryCompileExec3423558687.dir/CheckIncludeFiles.c.o  -o cmTryCompileExec3423558687 -rdynamic 
make[1]: Leaving directory `/home/vinnu/devel/build/okular/CMakeFiles/CMakeTmp'


Determining if the function pthread_create exists in the pthread passed with the following output:
Change Dir: /home/vinnu/devel/build/okular/CMakeFiles/CMakeTmp

Run Build Command:/usr/bin/make "cmTryCompileExec3306665144/fast"
/usr/bin/make -f CMakeFiles/cmTryCompileExec3306665144.dir/build.make CMakeFiles/cmTryCompileExec3306665144.dir/build
make[1]: Entering directory `/home/vinnu/devel/build/okular/CMakeFiles/CMakeTmp'
/usr/bin/cmake -E cmake_progress_report /home/vinnu/devel/build/okular/CMakeFiles/CMakeTmp/CMakeFiles 1
Building C object CMakeFiles/cmTryCompileExec3306665144.dir/CheckFunctionExists.c.o
/usr/bin/cc   -DCHECK_FUNCTION_EXISTS=pthread_create   -o CMakeFiles/cmTryCompileExec3306665144.dir/CheckFunctionExists.c.o   -c /usr/share/cmake-2.8/Modules/CheckFunctionExists.c
Linking C executable cmTryCompileExec3306665144
/usr/bin/cmake -E cmake_link_script CMakeFiles/cmTryCompileExec3306665144.dir/link.txt --verbose=1
/usr/bin/cc   -DCHECK_FUNCTION_EXISTS=pthread_create    CMakeFiles/cmTryCompileExec3306665144.dir/CheckFunctionExists.c.o  -o cmTryCompileExec3306665144 -rdynamic -lpthread 
make[1]: Leaving directory `/home/vinnu/devel/build/okular/CMakeFiles/CMakeTmp'


Determining if the _POSIX_TIMERS exist passed with the following output:
Change Dir: /home/vinnu/devel/build/okular/CMakeFiles/CMakeTmp

Run Build Command:/usr/bin/make "cmTryCompileExec1653003597/fast"
/usr/bin/make -f CMakeFiles/cmTryCompileExec1653003597.dir/build.make CMakeFiles/cmTryCompileExec1653003597.dir/build
make[1]: Entering directory `/home/vinnu/devel/build/okular/CMakeFiles/CMakeTmp'
/usr/bin/cmake -E cmake_progress_report /home/vinnu/devel/build/okular/CMakeFiles/CMakeTmp/CMakeFiles 1
Building C object CMakeFiles/cmTryCompileExec1653003597.dir/CheckSymbolExists.c.o
/usr/bin/cc    -o CMakeFiles/cmTryCompileExec1653003597.dir/CheckSymbolExists.c.o   -c /home/vinnu/devel/build/okular/CMakeFiles/CMakeTmp/CheckSymbolExists.c
Linking C executable cmTryCompileExec1653003597
/usr/bin/cmake -E cmake_link_script CMakeFiles/cmTryCompileExec1653003597.dir/link.txt --verbose=1
/usr/bin/cc       CMakeFiles/cmTryCompileExec1653003597.dir/CheckSymbolExists.c.o  -o cmTryCompileExec1653003597 -rdynamic -lrt 
make[1]: Leaving directory `/home/vinnu/devel/build/okular/CMakeFiles/CMakeTmp'

File /home/vinnu/devel/build/okular/CMakeFiles/CMakeTmp/CheckSymbolExists.c:
/* */
#include <unistd.h>
#include <time.h>

int main(int argc, char** argv)
{
  (void)argv;
#ifndef _POSIX_TIMERS
  return ((int*)(&_POSIX_TIMERS))[argc];
#else
  (void)argc;
  return 0;
#endif
}

Performing C++ SOURCE FILE Test _OFFT_IS_64BIT succeded with the following output:
Change Dir: /home/vinnu/devel/build/okular/CMakeFiles/CMakeTmp

Run Build Command:/usr/bin/make "cmTryCompileExec684047868/fast"
/usr/bin/make -f CMakeFiles/cmTryCompileExec684047868.dir/build.make CMakeFiles/cmTryCompileExec684047868.dir/build
make[1]: Entering directory `/home/vinnu/devel/build/okular/CMakeFiles/CMakeTmp'
/usr/bin/cmake -E cmake_progress_report /home/vinnu/devel/build/okular/CMakeFiles/CMakeTmp/CMakeFiles 1
Building CXX object CMakeFiles/cmTryCompileExec684047868.dir/src.cxx.o
/usr/bin/c++    -D_OFFT_IS_64BIT   -o CMakeFiles/cmTryCompileExec684047868.dir/src.cxx.o -c /home/vinnu/devel/build/okular/CMakeFiles/CMakeTmp/src.cxx
Linking CXX executable cmTryCompileExec684047868
/usr/bin/cmake -E cmake_link_script CMakeFiles/cmTryCompileExec684047868.dir/link.txt --verbose=1
/usr/bin/c++    -D_OFFT_IS_64BIT    CMakeFiles/cmTryCompileExec684047868.dir/src.cxx.o  -o cmTryCompileExec684047868 -rdynamic 
make[1]: Leaving directory `/home/vinnu/devel/build/okular/CMakeFiles/CMakeTmp'

Source file was:

#include <sys/types.h>
 /* Check that off_t can represent 2**63 - 1 correctly.
    We can't simply define LARGE_OFF_T to be 9223372036854775807,
    since some C++ compilers masquerading as C compilers
    incorrectly reject 9223372036854775807.  */
#define LARGE_OFF_T (((off_t) 1 << 62) - 1 + ((off_t) 1 << 62))

  int off_t_is_large[(LARGE_OFF_T % 2147483629 == 721 && LARGE_OFF_T % 2147483647 == 1) ? 1 : -1];
  int main() { return 0; }

Performing C++ SOURCE FILE Test HAVE_FPIE_SUPPORT succeded with the following output:
Change Dir: /home/vinnu/devel/build/okular/CMakeFiles/CMakeTmp

Run Build Command:/usr/bin/make "cmTryCompileExec1489402130/fast"
/usr/bin/make -f CMakeFiles/cmTryCompileExec1489402130.dir/build.make CMakeFiles/cmTryCompileExec1489402130.dir/build
make[1]: Entering directory `/home/vinnu/devel/build/okular/CMakeFiles/CMakeTmp'
/usr/bin/cmake -E cmake_progress_report /home/vinnu/devel/build/okular/CMakeFiles/CMakeTmp/CMakeFiles 1
Building CXX object CMakeFiles/cmTryCompileExec1489402130.dir/src.cxx.o
/usr/bin/c++    -Wnon-virtual-dtor -Wno-long-long -Wundef -Wcast-align -Wchar-subscripts -Wall -W -Wpointer-arith -Wformat-security -fno-exceptions -DQT_NO_EXCEPTIONS -fno-check-new -fno-common -DHAVE_FPIE_SUPPORT   -fPIE -o CMakeFiles/cmTryCompileExec1489402130.dir/src.cxx.o -c /home/vinnu/devel/build/okular/CMakeFiles/CMakeTmp/src.cxx
Linking CXX executable cmTryCompileExec1489402130
/usr/bin/cmake -E cmake_link_script CMakeFiles/cmTryCompileExec1489402130.dir/link.txt --verbose=1
/usr/bin/c++    -Wnon-virtual-dtor -Wno-long-long -Wundef -Wcast-align -Wchar-subscripts -Wall -W -Wpointer-arith -Wformat-security -fno-exceptions -DQT_NO_EXCEPTIONS -fno-check-new -fno-common -DHAVE_FPIE_SUPPORT    CMakeFiles/cmTryCompileExec1489402130.dir/src.cxx.o  -o cmTryCompileExec1489402130 -rdynamic 
make[1]: Leaving directory `/home/vinnu/devel/build/okular/CMakeFiles/CMakeTmp'

Source file was:
int main() { return 0;}
Performing C++ SOURCE FILE Test __KDE_HAVE_W_OVERLOADED_VIRTUAL succeded with the following output:
Change Dir: /home/vinnu/devel/build/okular/CMakeFiles/CMakeTmp

Run Build Command:/usr/bin/make "cmTryCompileExec3182490741/fast"
/usr/bin/make -f CMakeFiles/cmTryCompileExec3182490741.dir/build.make CMakeFiles/cmTryCompileExec3182490741.dir/build
make[1]: Entering directory `/home/vinnu/devel/build/okular/CMakeFiles/CMakeTmp'
/usr/bin/cmake -E cmake_progress_report /home/vinnu/devel/build/okular/CMakeFiles/CMakeTmp/CMakeFiles 1
Building CXX object CMakeFiles/cmTryCompileExec3182490741.dir/src.cxx.o
/usr/bin/c++    -Wnon-virtual-dtor -Wno-long-long -Wundef -Wcast-align -Wchar-subscripts -Wall -W -Wpointer-arith -Wformat-security -fno-exceptions -DQT_NO_EXCEPTIONS -fno-check-new -fno-common -D__KDE_HAVE_W_OVERLOADED_VIRTUAL   -Woverloaded-virtual -o CMakeFiles/cmTryCompileExec3182490741.dir/src.cxx.o -c /home/vinnu/devel/build/okular/CMakeFiles/CMakeTmp/src.cxx
Linking CXX executable cmTryCompileExec3182490741
/usr/bin/cmake -E cmake_link_script CMakeFiles/cmTryCompileExec3182490741.dir/link.txt --verbose=1
/usr/bin/c++    -Wnon-virtual-dtor -Wno-long-long -Wundef -Wcast-align -Wchar-subscripts -Wall -W -Wpointer-arith -Wformat-security -fno-exceptions -DQT_NO_EXCEPTIONS -fno-check-new -fno-common -D__KDE_HAVE_W_OVERLOADED_VIRTUAL    CMakeFiles/cmTryCompileExec3182490741.dir/src.cxx.o  -o cmTryCompileExec3182490741 -rdynamic 
make[1]: Leaving directory `/home/vinnu/devel/build/okular/CMakeFiles/CMakeTmp'

Source file was:
int main() { return 0;}
Performing C++ SOURCE FILE Test __KDE_HAVE_GCC_VISIBILITY succeded with the following output:
Change Dir: /home/vinnu/devel/build/okular/CMakeFiles/CMakeTmp

Run Build Command:/usr/bin/make "cmTryCompileExec1456850190/fast"
/usr/bin/make -f CMakeFiles/cmTryCompileExec1456850190.dir/build.make CMakeFiles/cmTryCompileExec1456850190.dir/build
make[1]: Entering directory `/home/vinnu/devel/build/okular/CMakeFiles/CMakeTmp'
/usr/bin/cmake -E cmake_progress_report /home/vinnu/devel/build/okular/CMakeFiles/CMakeTmp/CMakeFiles 1
Building CXX object CMakeFiles/cmTryCompileExec1456850190.dir/src.cxx.o
/usr/bin/c++    -Wnon-virtual-dtor -Wno-long-long -Wundef -Wcast-align -Wchar-subscripts -Wall -W -Wpointer-arith -Wformat-security -fno-exceptions -DQT_NO_EXCEPTIONS -fno-check-new -fno-common -Woverloaded-virtual -D__KDE_HAVE_GCC_VISIBILITY   -fvisibility=hidden -o CMakeFiles/cmTryCompileExec1456850190.dir/src.cxx.o -c /home/vinnu/devel/build/okular/CMakeFiles/CMakeTmp/src.cxx
Linking CXX executable cmTryCompileExec1456850190
/usr/bin/cmake -E cmake_link_script CMakeFiles/cmTryCompileExec1456850190.dir/link.txt --verbose=1
/usr/bin/c++    -Wnon-virtual-dtor -Wno-long-long -Wundef -Wcast-align -Wchar-subscripts -Wall -W -Wpointer-arith -Wformat-security -fno-exceptions -DQT_NO_EXCEPTIONS -fno-check-new -fno-common -Woverloaded-virtual -D__KDE_HAVE_GCC_VISIBILITY    CMakeFiles/cmTryCompileExec1456850190.dir/src.cxx.o  -o cmTryCompileExec1456850190 -rdynamic 
make[1]: Leaving directory `/home/vinnu/devel/build/okular/CMakeFiles/CMakeTmp'

Source file was:
int main() { return 0;}
Performing C++ SOURCE FILE Test HAVE_POPPLER_0_16 succeded with the following output:
Change Dir: /home/vinnu/devel/build/okular/CMakeFiles/CMakeTmp

Run Build Command:/usr/bin/make "cmTryCompileExec3156974035/fast"
/usr/bin/make -f CMakeFiles/cmTryCompileExec3156974035.dir/build.make CMakeFiles/cmTryCompileExec3156974035.dir/build
make[1]: Entering directory `/home/vinnu/devel/build/okular/CMakeFiles/CMakeTmp'
/usr/bin/cmake -E cmake_progress_report /home/vinnu/devel/build/okular/CMakeFiles/CMakeTmp/CMakeFiles 1
Building CXX object CMakeFiles/cmTryCompileExec3156974035.dir/src.cxx.o
/usr/bin/c++    -Wnon-virtual-dtor -Wno-long-long -Wundef -Wcast-align -Wchar-subscripts -Wall -W -Wpointer-arith -Wformat-security -fno-exceptions -DQT_NO_EXCEPTIONS -fno-check-new -fno-common -Woverloaded-virtual -fno-threadsafe-statics -fvisibility=hidden -Werror=return-type -fvisibility-inlines-hidden -DHAVE_POPPLER_0_16 -I/usr/include/poppler/qt4 -I/usr/include/poppler -I/usr/include/qt4    -o CMakeFiles/cmTryCompileExec3156974035.dir/src.cxx.o -c /home/vinnu/devel/build/okular/CMakeFiles/CMakeTmp/src.cxx
/home/vinnu/devel/build/okular/CMakeFiles/CMakeTmp/src.cxx:4:6: warning: unused parameter ‘message’ [-Wunused-parameter]
 void debugFunction(const QString &message, const QVariant &closure)
      ^
/home/vinnu/devel/build/okular/CMakeFiles/CMakeTmp/src.cxx:4:6: warning: unused parameter ‘closure’ [-Wunused-parameter]
Linking CXX executable cmTryCompileExec3156974035
/usr/bin/cmake -E cmake_link_script CMakeFiles/cmTryCompileExec3156974035.dir/link.txt --verbose=1
/usr/bin/c++    -Wnon-virtual-dtor -Wno-long-long -Wundef -Wcast-align -Wchar-subscripts -Wall -W -Wpointer-arith -Wformat-security -fno-exceptions -DQT_NO_EXCEPTIONS -fno-check-new -fno-common -Woverloaded-virtual -fno-threadsafe-statics -fvisibility=hidden -Werror=return-type -fvisibility-inlines-hidden -DHAVE_POPPLER_0_16    CMakeFiles/cmTryCompileExec3156974035.dir/src.cxx.o  -o cmTryCompileExec3156974035 -rdynamic -lpoppler-qt4 /usr/lib/x86_64-linux-gnu/libQtCore.so /usr/lib/x86_64-linux-gnu/libQtGui.so /usr/lib/x86_64-linux-gnu/libQtXml.so 
make[1]: Leaving directory `/home/vinnu/devel/build/okular/CMakeFiles/CMakeTmp'

Source file was:

#include <poppler-qt4.h>

void debugFunction(const QString &message, const QVariant &closure)
{
}

int main()
{
  Poppler::setDebugErrorFunction(debugFunction, QVariant());
  return 0;
}

Performing C++ SOURCE FILE Test HAVE_POPPLER_0_20 succeded with the following output:
Change Dir: /home/vinnu/devel/build/okular/CMakeFiles/CMakeTmp

Run Build Command:/usr/bin/make "cmTryCompileExec1764589224/fast"
/usr/bin/make -f CMakeFiles/cmTryCompileExec1764589224.dir/build.make CMakeFiles/cmTryCompileExec1764589224.dir/build
make[1]: Entering directory `/home/vinnu/devel/build/okular/CMakeFiles/CMakeTmp'
/usr/bin/cmake -E cmake_progress_report /home/vinnu/devel/build/okular/CMakeFiles/CMakeTmp/CMakeFiles 1
Building CXX object CMakeFiles/cmTryCompileExec1764589224.dir/src.cxx.o
/usr/bin/c++    -Wnon-virtual-dtor -Wno-long-long -Wundef -Wcast-align -Wchar-subscripts -Wall -W -Wpointer-arith -Wformat-security -fno-exceptions -DQT_NO_EXCEPTIONS -fno-check-new -fno-common -Woverloaded-virtual -fno-threadsafe-statics -fvisibility=hidden -Werror=return-type -fvisibility-inlines-hidden -DHAVE_POPPLER_0_20 -I/usr/include/poppler/qt4 -I/usr/include/poppler -I/usr/include/qt4    -o CMakeFiles/cmTryCompileExec1764589224.dir/src.cxx.o -c /home/vinnu/devel/build/okular/CMakeFiles/CMakeTmp/src.cxx
/home/vinnu/devel/build/okular/CMakeFiles/CMakeTmp/src.cxx: In function ‘int main()’:
/home/vinnu/devel/build/okular/CMakeFiles/CMakeTmp/src.cxx:7:30: warning: unused variable ‘annot’ [-Wunused-variable]
   Poppler::ScreenAnnotation *annot = 0;
                              ^
/home/vinnu/devel/build/okular/CMakeFiles/CMakeTmp/src.cxx:8:27: warning: unused variable ‘link’ [-Wunused-variable]
   Poppler::LinkRendition *link = 0;
                           ^
/home/vinnu/devel/build/okular/CMakeFiles/CMakeTmp/src.cxx:9:39: warning: unused variable ‘operation’ [-Wunused-variable]
   const Poppler::LinkMovie::Operation operation = Poppler::LinkMovie::Play;
                                       ^
Linking CXX executable cmTryCompileExec1764589224
/usr/bin/cmake -E cmake_link_script CMakeFiles/cmTryCompileExec1764589224.dir/link.txt --verbose=1
/usr/bin/c++    -Wnon-virtual-dtor -Wno-long-long -Wundef -Wcast-align -Wchar-subscripts -Wall -W -Wpointer-arith -Wformat-security -fno-exceptions -DQT_NO_EXCEPTIONS -fno-check-new -fno-common -Woverloaded-virtual -fno-threadsafe-statics -fvisibility=hidden -Werror=return-type -fvisibility-inlines-hidden -DHAVE_POPPLER_0_20    CMakeFiles/cmTryCompileExec1764589224.dir/src.cxx.o  -o cmTryCompileExec1764589224 -rdynamic -lpoppler-qt4 /usr/lib/x86_64-linux-gnu/libQtCore.so /usr/lib/x86_64-linux-gnu/libQtGui.so /usr/lib/x86_64-linux-gnu/libQtXml.so 
make[1]: Leaving directory `/home/vinnu/devel/build/okular/CMakeFiles/CMakeTmp'

Source file was:

#include <poppler-qt4.h>
#include <poppler-media.h>

int main()
{
  Poppler::ScreenAnnotation *annot = 0;
  Poppler::LinkRendition *link = 0;
  const Poppler::LinkMovie::Operation operation = Poppler::LinkMovie::Play;
  return 0;
}

Performing C++ SOURCE FILE Test HAVE_POPPLER_0_22 succeded with the following output:
Change Dir: /home/vinnu/devel/build/okular/CMakeFiles/CMakeTmp

Run Build Command:/usr/bin/make "cmTryCompileExec1935861975/fast"
/usr/bin/make -f CMakeFiles/cmTryCompileExec1935861975.dir/build.make CMakeFiles/cmTryCompileExec1935861975.dir/build
make[1]: Entering directory `/home/vinnu/devel/build/okular/CMakeFiles/CMakeTmp'
/usr/bin/cmake -E cmake_progress_report /home/vinnu/devel/build/okular/CMakeFiles/CMakeTmp/CMakeFiles 1
Building CXX object CMakeFiles/cmTryCompileExec1935861975.dir/src.cxx.o
/usr/bin/c++    -Wnon-virtual-dtor -Wno-long-long -Wundef -Wcast-align -Wchar-subscripts -Wall -W -Wpointer-arith -Wformat-security -fno-exceptions -DQT_NO_EXCEPTIONS -fno-check-new -fno-common -Woverloaded-virtual -fno-threadsafe-statics -fvisibility=hidden -Werror=return-type -fvisibility-inlines-hidden -DHAVE_POPPLER_0_22 -I/usr/include/poppler/qt4 -I/usr/include/poppler -I/usr/include/qt4    -o CMakeFiles/cmTryCompileExec1935861975.dir/src.cxx.o -c /home/vinnu/devel/build/okular/CMakeFiles/CMakeTmp/src.cxx
/home/vinnu/devel/build/okular/CMakeFiles/CMakeTmp/src.cxx: In function ‘int main()’:
/home/vinnu/devel/build/okular/CMakeFiles/CMakeTmp/src.cxx:12:51: warning: unused variable ‘type’ [-Wunused-variable]
   const Poppler::Annotation::AdditionalActionType type = Poppler::Annotation::PageOpeningAction;
                                                   ^
/home/vinnu/devel/build/okular/CMakeFiles/CMakeTmp/src.cxx:13:49: warning: unused variable ‘action’ [-Wunused-variable]
   const Poppler::LinkRendition::RenditionAction action = Poppler::LinkRendition::NoRendition;
                                                 ^
/home/vinnu/devel/build/okular/CMakeFiles/CMakeTmp/src.cxx:14:37: warning: unused variable ‘formType’ [-Wunused-variable]
   const Poppler::Document::FormType formType = doc->formType();
                                     ^
Linking CXX executable cmTryCompileExec1935861975
/usr/bin/cmake -E cmake_link_script CMakeFiles/cmTryCompileExec1935861975.dir/link.txt --verbose=1
/usr/bin/c++    -Wnon-virtual-dtor -Wno-long-long -Wundef -Wcast-align -Wchar-subscripts -Wall -W -Wpointer-arith -Wformat-security -fno-exceptions -DQT_NO_EXCEPTIONS -fno-check-new -fno-common -Woverloaded-virtual -fno-threadsafe-statics -fvisibility=hidden -Werror=return-type -fvisibility-inlines-hidden -DHAVE_POPPLER_0_22    CMakeFiles/cmTryCompileExec1935861975.dir/src.cxx.o  -o cmTryCompileExec1935861975 -rdynamic -lpoppler-qt4 /usr/lib/x86_64-linux-gnu/libQtCore.so /usr/lib/x86_64-linux-gnu/libQtGui.so /usr/lib/x86_64-linux-gnu/libQtXml.so 
make[1]: Leaving directory `/home/vinnu/devel/build/okular/CMakeFiles/CMakeTmp'

Source file was:

#include <poppler-qt4.h>
#include <poppler-annotation.h>
#include <poppler-link.h>

int main()
{
  Poppler::MovieObject *movie = 0;
  Poppler::Document *doc = 0;
  movie->showPosterImage();

  const Poppler::Annotation::AdditionalActionType type = Poppler::Annotation::PageOpeningAction;
  const Poppler::LinkRendition::RenditionAction action = Poppler::LinkRendition::NoRendition;
  const Poppler::Document::FormType formType = doc->formType();

  return 0;
}

Performing C++ SOURCE FILE Test HAVE_POPPLER_0_24 succeded with the following output:
Change Dir: /home/vinnu/devel/build/okular/CMakeFiles/CMakeTmp

Run Build Command:/usr/bin/make "cmTryCompileExec1326225653/fast"
/usr/bin/make -f CMakeFiles/cmTryCompileExec1326225653.dir/build.make CMakeFiles/cmTryCompileExec1326225653.dir/build
make[1]: Entering directory `/home/vinnu/devel/build/okular/CMakeFiles/CMakeTmp'
/usr/bin/cmake -E cmake_progress_report /home/vinnu/devel/build/okular/CMakeFiles/CMakeTmp/CMakeFiles 1
Building CXX object CMakeFiles/cmTryCompileExec1326225653.dir/src.cxx.o
/usr/bin/c++    -Wnon-virtual-dtor -Wno-long-long -Wundef -Wcast-align -Wchar-subscripts -Wall -W -Wpointer-arith -Wformat-security -fno-exceptions -DQT_NO_EXCEPTIONS -fno-check-new -fno-common -Woverloaded-virtual -fno-threadsafe-statics -fvisibility=hidden -Werror=return-type -fvisibility-inlines-hidden -DHAVE_POPPLER_0_24 -I/usr/include/poppler/qt4 -I/usr/include/poppler -I/usr/include/qt4    -o CMakeFiles/cmTryCompileExec1326225653.dir/src.cxx.o -c /home/vinnu/devel/build/okular/CMakeFiles/CMakeTmp/src.cxx
/home/vinnu/devel/build/okular/CMakeFiles/CMakeTmp/src.cxx: In function ‘int main()’:
/home/vinnu/devel/build/okular/CMakeFiles/CMakeTmp/src.cxx:5:33: warning: unused variable ‘hint’ [-Wunused-variable]
   Poppler::Document::RenderHint hint = Poppler::Document::ThinLineSolid;
                                 ^
Linking CXX executable cmTryCompileExec1326225653
/usr/bin/cmake -E cmake_link_script CMakeFiles/cmTryCompileExec1326225653.dir/link.txt --verbose=1
/usr/bin/c++    -Wnon-virtual-dtor -Wno-long-long -Wundef -Wcast-align -Wchar-subscripts -Wall -W -Wpointer-arith -Wformat-security -fno-exceptions -DQT_NO_EXCEPTIONS -fno-check-new -fno-common -Woverloaded-virtual -fno-threadsafe-statics -fvisibility=hidden -Werror=return-type -fvisibility-inlines-hidden -DHAVE_POPPLER_0_24    CMakeFiles/cmTryCompileExec1326225653.dir/src.cxx.o  -o cmTryCompileExec1326225653 -rdynamic -lpoppler-qt4 /usr/lib/x86_64-linux-gnu/libQtCore.so /usr/lib/x86_64-linux-gnu/libQtGui.so /usr/lib/x86_64-linux-gnu/libQtXml.so 
make[1]: Leaving directory `/home/vinnu/devel/build/okular/CMakeFiles/CMakeTmp'

Source file was:

#include <poppler-qt4.h>
int main()
{
  Poppler::Document::RenderHint hint = Poppler::Document::ThinLineSolid;
  return 0;
}

